<?xml version="1.0" encoding="UTF-8"?>
<testng-results ignored="0" total="1" passed="0" failed="1" skipped="0">
  <reporter-output>
  </reporter-output>
  <suite started-at="2021-01-05T15:45:37 IST" name="Default suite" finished-at="2021-01-05T15:46:22 IST" duration-ms="44794">
    <groups>
    </groups>
    <test started-at="2021-01-05T15:45:37 IST" name="Default test" finished-at="2021-01-05T15:46:22 IST" duration-ms="44794">
      <class name="TC_001_GeneralStore">
        <test-method is-config="true" signature="_LaunchApp()[pri:0, instance:TC_001_GeneralStore@1cf6d1be]" started-at="2021-01-05T15:45:38 IST" name="_LaunchApp" finished-at="2021-01-05T15:45:51 IST" duration-ms="13873" status="PASS">
          <reporter-output>
          </reporter-output>
        </test-method> <!-- _LaunchApp -->
        <test-method signature="tc_01_GeneralStore()[pri:0, instance:TC_001_GeneralStore@1cf6d1be]" started-at="2021-01-05T15:45:51 IST" name="tc_01_GeneralStore" finished-at="2021-01-05T15:46:22 IST" duration-ms="30789" status="FAIL">
          <exception class="org.openqa.selenium.NoSuchElementException">
            <message>
              <![CDATA[An element could not be located on the page using the given search parameters. (WARNING: The server did not provide any stacktrace information)
Command duration or timeout: 30.32 seconds
For documentation on this error, please visit: http://seleniumhq.org/exceptions/no_such_element.html
Build info: version: '2.53.1', revision: 'a36b8b1cd5757287168e54b817830adce9b0158d', time: '2016-06-30 19:26:09'
System info: host: 'sapna', ip: '192.168.2.10', os.name: 'Windows 10', os.arch: 'amd64', os.version: '10.0', java.version: '15.0.1'
Driver info: io.appium.java_client.android.AndroidDriver
Capabilities [{appPackage=null, statBarHeight=63, noReset=true, viewportRect={top=63, left=0, width=1080, height=1857}, deviceName=91bbacfd, UDID=null, fullReset=false, platform=LINUX, deviceUDID=91bbacfd, desired={appPackage=null, appActivity=null, noReset=true, platformVersion=null, automationName=null, autoGrantPermissions=true, platformName=Android, deviceName=null, UDID=null, fullReset=false, appWaitDuration=180000, autoAcceptAlerts=true}, platformVersion=9, webStorageEnabled=false, automationName=null, takesScreenshot=true, javascriptEnabled=true, platformName=Android, deviceApiLevel=28, deviceManufacturer=OnePlus, deviceScreenSize=1080x1920, networkConnectionEnabled=true, warnings={}, databaseEnabled=false, appWaitDuration=180000, appActivity=null, pixelRatio=2.625, locationContextEnabled=false, autoGrantPermissions=true, deviceScreenDensity=420, deviceModel=ONEPLUS A3003, autoAcceptAlerts=true}]
Session ID: 1f62d4b4-9558-4541-8751-fdf12ea05901
*** Element info: {Using=id, value=com.androidsample.generalstore:id/btnLetsShop}]]>
            </message>
            <full-stacktrace>
              <![CDATA[org.openqa.selenium.NoSuchElementException: An element could not be located on the page using the given search parameters. (WARNING: The server did not provide any stacktrace information)
Command duration or timeout: 30.32 seconds
For documentation on this error, please visit: http://seleniumhq.org/exceptions/no_such_element.html
Build info: version: '2.53.1', revision: 'a36b8b1cd5757287168e54b817830adce9b0158d', time: '2016-06-30 19:26:09'
System info: host: 'sapna', ip: '192.168.2.10', os.name: 'Windows 10', os.arch: 'amd64', os.version: '10.0', java.version: '15.0.1'
Driver info: io.appium.java_client.android.AndroidDriver
Capabilities [{appPackage=null, statBarHeight=63, noReset=true, viewportRect={top=63, left=0, width=1080, height=1857}, deviceName=91bbacfd, UDID=null, fullReset=false, platform=LINUX, deviceUDID=91bbacfd, desired={appPackage=null, appActivity=null, noReset=true, platformVersion=null, automationName=null, autoGrantPermissions=true, platformName=Android, deviceName=null, UDID=null, fullReset=false, appWaitDuration=180000, autoAcceptAlerts=true}, platformVersion=9, webStorageEnabled=false, automationName=null, takesScreenshot=true, javascriptEnabled=true, platformName=Android, deviceApiLevel=28, deviceManufacturer=OnePlus, deviceScreenSize=1080x1920, networkConnectionEnabled=true, warnings={}, databaseEnabled=false, appWaitDuration=180000, appActivity=null, pixelRatio=2.625, locationContextEnabled=false, autoGrantPermissions=true, deviceScreenDensity=420, deviceModel=ONEPLUS A3003, autoAcceptAlerts=true}]
Session ID: 1f62d4b4-9558-4541-8751-fdf12ea05901
*** Element info: {Using=id, value=com.androidsample.generalstore:id/btnLetsShop}
at java.base/jdk.internal.reflect.NativeConstructorAccessorImpl.newInstance0(Native Method)
at java.base/jdk.internal.reflect.NativeConstructorAccessorImpl.newInstance(NativeConstructorAccessorImpl.java:64)
at java.base/jdk.internal.reflect.DelegatingConstructorAccessorImpl.newInstance(DelegatingConstructorAccessorImpl.java:45)
at java.base/java.lang.reflect.Constructor.newInstanceWithCaller(Constructor.java:500)
at java.base/java.lang.reflect.Constructor.newInstance(Constructor.java:481)
at org.openqa.selenium.remote.ErrorHandler.createThrowable(ErrorHandler.java:206)
at org.openqa.selenium.remote.ErrorHandler.throwIfResponseFailed(ErrorHandler.java:158)
at org.openqa.selenium.remote.RemoteWebDriver.execute(RemoteWebDriver.java:678)
at io.appium.java_client.DefaultGenericMobileDriver.execute(DefaultGenericMobileDriver.java:40)
at io.appium.java_client.AppiumDriver.execute(AppiumDriver.java:1)
at io.appium.java_client.android.AndroidDriver.execute(AndroidDriver.java:1)
at org.openqa.selenium.remote.RemoteWebDriver.findElement(RemoteWebDriver.java:363)
at io.appium.java_client.DefaultGenericMobileDriver.findElement(DefaultGenericMobileDriver.java:56)
at io.appium.java_client.AppiumDriver.findElement(AppiumDriver.java:1)
at io.appium.java_client.android.AndroidDriver.findElement(AndroidDriver.java:1)
at org.openqa.selenium.remote.RemoteWebDriver.findElementById(RemoteWebDriver.java:413)
at io.appium.java_client.DefaultGenericMobileDriver.findElementById(DefaultGenericMobileDriver.java:64)
at io.appium.java_client.AppiumDriver.findElementById(AppiumDriver.java:1)
at io.appium.java_client.android.AndroidDriver.findElementById(AndroidDriver.java:1)
at org.openqa.selenium.By$ById.findElement(By.java:218)
at org.openqa.selenium.remote.RemoteWebDriver.findElement(RemoteWebDriver.java:355)
at io.appium.java_client.DefaultGenericMobileDriver.findElement(DefaultGenericMobileDriver.java:52)
at io.appium.java_client.AppiumDriver.findElement(AppiumDriver.java:1)
at io.appium.java_client.android.AndroidDriver.findElement(AndroidDriver.java:1)
at TC_001_GeneralStore.tc_01_GeneralStore(TC_001_GeneralStore.java:20)
at java.base/jdk.internal.reflect.NativeMethodAccessorImpl.invoke0(Native Method)
at java.base/jdk.internal.reflect.NativeMethodAccessorImpl.invoke(NativeMethodAccessorImpl.java:64)
at java.base/jdk.internal.reflect.DelegatingMethodAccessorImpl.invoke(DelegatingMethodAccessorImpl.java:43)
at java.base/java.lang.reflect.Method.invoke(Method.java:564)
at org.testng.internal.MethodInvocationHelper.invokeMethod(MethodInvocationHelper.java:132)
at org.testng.internal.TestInvoker.invokeMethod(TestInvoker.java:599)
at org.testng.internal.TestInvoker.invokeTestMethod(TestInvoker.java:174)
at org.testng.internal.MethodRunner.runInSequence(MethodRunner.java:46)
at org.testng.internal.TestInvoker$MethodInvocationAgent.invoke(TestInvoker.java:822)
at org.testng.internal.TestInvoker.invokeTestMethods(TestInvoker.java:147)
at org.testng.internal.TestMethodWorker.invokeTestMethods(TestMethodWorker.java:146)
at org.testng.internal.TestMethodWorker.run(TestMethodWorker.java:128)
at java.base/java.util.ArrayList.forEach(ArrayList.java:1511)
at org.testng.TestRunner.privateRun(TestRunner.java:764)
at org.testng.TestRunner.run(TestRunner.java:585)
at org.testng.SuiteRunner.runTest(SuiteRunner.java:384)
at org.testng.SuiteRunner.runSequentially(SuiteRunner.java:378)
at org.testng.SuiteRunner.privateRun(SuiteRunner.java:337)
at org.testng.SuiteRunner.run(SuiteRunner.java:286)
at org.testng.SuiteRunnerWorker.runSuite(SuiteRunnerWorker.java:53)
at org.testng.SuiteRunnerWorker.run(SuiteRunnerWorker.java:96)
at org.testng.TestNG.runSuitesSequentially(TestNG.java:1218)
at org.testng.TestNG.runSuitesLocally(TestNG.java:1140)
at org.testng.TestNG.runSuites(TestNG.java:1069)
at org.testng.TestNG.run(TestNG.java:1037)
at org.testng.remote.AbstractRemoteTestNG.run(AbstractRemoteTestNG.java:115)
at org.testng.remote.RemoteTestNG.initAndRun(RemoteTestNG.java:251)
at org.testng.remote.RemoteTestNG.main(RemoteTestNG.java:77)
]]>
            </full-stacktrace>
          </exception> <!-- org.openqa.selenium.NoSuchElementException -->
          <reporter-output>
          </reporter-output>
        </test-method> <!-- tc_01_GeneralStore -->
        <test-method is-config="true" signature="shutDownApp()[pri:0, instance:TC_001_GeneralStore@1cf6d1be]" started-at="2021-01-05T15:46:22 IST" name="shutDownApp" finished-at="2021-01-05T15:46:22 IST" duration-ms="2" status="PASS">
          <reporter-output>
          </reporter-output>
        </test-method> <!-- shutDownApp -->
      </class> <!-- TC_001_GeneralStore -->
    </test> <!-- Default test -->
  </suite> <!-- Default suite -->
</testng-results>
